\BOOKMARK [1][-]{section.1}{\376\377\000P\000o\000w\000e\000r\000\040\000A\000s\000y\000m\000m\000e\000t\000r\000y}{}% 1
\BOOKMARK [2][-]{subsection.1.1}{\376\377\000L\000a\000c\000k\000\040\000o\000f\000\040\000A\000u\000t\000o\000n\000o\000m\000y}{section.1}% 2
\BOOKMARK [2][-]{subsection.1.2}{\376\377\000L\000a\000c\000k\000\040\000o\000f\000\040\000a\000g\000e\000n\000c\000y}{section.1}% 3
\BOOKMARK [3][-]{subsubsection.1.2.1}{\376\377\000L\000a\000c\000k\000\040\000o\000f\000\040\000a\000g\000e\000n\000c\000y\000\040\000w\000i\000t\000h\000\040\000f\000i\000r\000s\000t\000-\000p\000a\000r\000t\000i\000e\000s}{subsection.1.2}% 4
\BOOKMARK [2][-]{subsection.1.3}{\376\377\000T\000h\000i\000r\000d\000-\000p\000a\000r\000t\000y\000\040\000s\000u\000r\000v\000e\000i\000l\000l\000a\000n\000c\000e}{section.1}% 5
\BOOKMARK [2][-]{subsection.1.4}{\376\377\000L\000a\000c\000k\000\040\000o\000f\000\040\000C\000o\000n\000v\000e\000n\000i\000e\000n\000c\000e}{section.1}% 6
\BOOKMARK [1][-]{section.2}{\376\377\000D\000e\000s\000i\000g\000n\000\040\000C\000o\000n\000s\000i\000d\000e\000r\000a\000t\000i\000o\000n\000s}{}% 7
\BOOKMARK [2][-]{subsection.2.1}{\376\377\000D\000e\000c\000e\000n\000t\000r\000a\000l\000i\000z\000a\000t\000i\000o\000n}{section.2}% 8
\BOOKMARK [2][-]{subsection.2.2}{\376\377\000E\000d\000g\000e\000-\000c\000e\000n\000t\000e\000r\000e\000d\000\040\000v\000s\000.\000\040\000c\000l\000o\000u\000d\000-\000c\000e\000n\000t\000e\000r\000e\000d}{section.2}% 9
\BOOKMARK [2][-]{subsection.2.3}{\376\377\000R\000e\000p\000l\000i\000c\000a\000t\000i\000o\000n}{section.2}% 10
\BOOKMARK [2][-]{subsection.2.4}{\376\377\000L\000o\000y\000a\000l\000t\000y}{section.2}% 11
\BOOKMARK [2][-]{subsection.2.5}{\376\377\000S\000e\000p\000a\000r\000a\000t\000i\000o\000n\000\040\000o\000f\000\040\000a\000p\000p\000\040\000f\000r\000o\000m\000\040\000d\000b}{section.2}% 12
\BOOKMARK [2][-]{subsection.2.6}{\376\377\000D\000e\000l\000e\000g\000a\000t\000i\000o\000n}{section.2}% 13
\BOOKMARK [2][-]{subsection.2.7}{\376\377\000M\000u\000l\000t\000i\000-\000c\000o\000n\000t\000e\000x\000t\000u\000a\000l}{section.2}% 14
\BOOKMARK [3][-]{subsubsection.2.7.1}{\376\377\000S\000e\000l\000f\000n\000e\000s\000s\000\040\000a\000n\000d\000\040\000W\000h\000o\000n\000e\000s\000s}{subsection.2.7}% 15
\BOOKMARK [2][-]{subsection.2.8}{\376\377\000O\000p\000e\000n\000\040\000s\000o\000u\000r\000c\000e}{section.2}% 16
\BOOKMARK [2][-]{subsection.2.9}{\376\377\000D\000a\000t\000a\000\040\000G\000o\000v\000e\000r\000n\000a\000n\000c\000e}{section.2}% 17
\BOOKMARK [2][-]{subsection.2.10}{\376\377\000U\000s\000e\000r\000\040\000r\000i\000g\000h\000t\000s}{section.2}% 18
\BOOKMARK [2][-]{subsection.2.11}{\376\377\000E\000n\000f\000o\000r\000c\000e\000m\000e\000n\000t}{section.2}% 19
\BOOKMARK [2][-]{subsection.2.12}{\376\377\000P\000r\000i\000v\000a\000c\000y\000\040\000b\000y\000\040\000d\000e\000s\000i\000g\000n}{section.2}% 20
\BOOKMARK [1][-]{section.3}{\376\377\000A\000r\000c\000h\000i\000t\000e\000c\000t\000u\000r\000e}{}% 21
\BOOKMARK [2][-]{subsection.3.1}{\376\377\000A\000g\000e\000n\000t}{section.3}% 22
\BOOKMARK [3][-]{subsubsection.3.1.1}{\376\377\000A\000p\000p\000l\000i\000c\000a\000t\000i\000o\000n\000\040\000l\000a\000y\000e\000r}{subsection.3.1}% 23
\BOOKMARK [3][-]{subsubsection.3.1.2}{\376\377\000I\000d\000e\000n\000t\000i\000t\000y\000\040\000a\000g\000e\000n\000t\000\040\000U\000I\000\040\000l\000a\000y\000e\000r}{subsection.3.1}% 24
\BOOKMARK [3][-]{subsubsection.3.1.3}{\376\377\000D\000e\000l\000e\000g\000a\000t\000i\000o\000n\000\040\000l\000a\000y\000e\000r}{subsection.3.1}% 25
\BOOKMARK [3][-]{subsubsection.3.1.4}{\376\377\000S\000t\000o\000r\000a\000g\000e\000\040\000l\000a\000y\000e\000r}{subsection.3.1}% 26
\BOOKMARK [2][-]{subsection.3.2}{\376\377\000M\000e\000e\000T\000a\000l\000k}{section.3}% 27
